<?xml version="1.0" encoding="UTF-8"?>
<!-- Generated by org.testng.reporters.JUnitXMLReporter -->
<testsuite hostname="SUDEEP-DELLXPS" ignored="0" name="Default test" tests="3" failures="0" timestamp="31 May 2019 00:26:24 GMT" time="39.376" errors="0">
  <testcase name="getCream" time="3.355" classname="testcases.AS1_DannonASSN"/>
  <testcase name="getMilk" time="11.664" classname="testcases.AS1_DannonASSN"/>
  <testcase name="getSkim" time="21.628" classname="testcases.AS1_DannonASSN"/>
</testsuite> <!-- Default test -->
