<?xml version="1.0" encoding="UTF-8"?>
<!-- Generated by org.testng.reporters.JUnitXMLReporter -->
<testsuite hostname="Durga-pc" ignored="0" name="testcases2" tests="22" failures="0" timestamp="24 May 2019 01:54:24 GMT" time="32.062" errors="0">
  <testcase name="getCream" time="5.191" classname="testcases.AS1_DannonASSN"/>
  <testcase name="getMilk" time="0.871" classname="testcases.AS1_DannonASSN"/>
  <testcase name="getSkim" time="17.852" classname="testcases.AS1_DannonASSN"/>
  <testcase name="AS1_MM2FieldsOnly" time="0.25" classname="testcases.AS1_DannonRCV"/>
  <testcase name="AS1_MM_MinimalFields" time="0.28" classname="testcases.AS1_DannonRCV"/>
  <testcase name="AS1_MM_MinimalFields2Manis" time="0.257" classname="testcases.AS1_DannonRCV"/>
  <testcase name="RCV_GoodOne2ManisNoSupplier" time="0.281" classname="testcases.AS1_DannonRCV"/>
  <testcase name="RCV_GoodOneNoSupplier" time="0.282" classname="testcases.AS1_DannonRCV"/>
  <testcase name="RCV_MultiMilk" time="0.266" classname="testcases.AS1_DannonRCV"/>
  <testcase name="creamRCV_Export" time="0.454" classname="testcases.AS1_DannonRCV"/>
  <testcase name="creamRCV_MostFields" time="0.437" classname="testcases.AS1_DannonRCV"/>
  <testcase name="creamRCV_MostFieldsRealIsh" time="0.406" classname="testcases.AS1_DannonRCV"/>
  <testcase name="creamRCV_NoMeasurements" time="0.437" classname="testcases.AS1_DannonRCV"/>
  <testcase name="milkRCV_MinFields" time="0.282" classname="testcases.AS1_DannonRCV"/>
  <testcase name="milkRCV_StandardFields" time="0.282" classname="testcases.AS1_DannonRCV"/>
  <testcase name="putReceiptMinCream" time="0.483" classname="testcases.AS1_DannonRCV"/>
  <testcase name="putReceiptMinSkim" time="0.328" classname="testcases.AS1_DannonRCV"/>
  <testcase name="putReceiptMultiCream" time="0.469" classname="testcases.AS1_DannonRCV"/>
  <testcase name="putReceiptMultiSkim" time="0.531" classname="testcases.AS1_DannonRCV"/>
  <testcase name="putRejectMostOfCreamWorking" time="0.501" classname="testcases.AS1_DannonRCV"/>
  <testcase name="skimRCV_Export" time="0.561" classname="testcases.AS1_DannonRCV"/>
  <testcase name="skimRCV_MostFields" time="0.61" classname="testcases.AS1_DannonRCV"/>
</testsuite> <!-- testcases2 -->
