<?xml version="1.0" encoding="UTF-8"?>
<!-- Generated by org.testng.reporters.JUnitXMLReporter -->
<testsuite hostname="SUDEEP-DELLXPS" ignored="0" name="testcases" tests="36" failures="0" timestamp="30 May 2019 23:59:11 GMT" time="62.724" errors="0">
  <testcase name="getCream" time="3.267" classname="testcases.AS1_DannonASSN"/>
  <testcase name="getMilk" time="11.831" classname="testcases.AS1_DannonASSN"/>
  <testcase name="getSkim" time="21.484" classname="testcases.AS1_DannonASSN"/>
  <testcase name="AS1_MM2FieldsOnly" time="0.344" classname="testcases.AS1_DannonRCV"/>
  <testcase name="AS1_MM_MinimalFields" time="0.35" classname="testcases.AS1_DannonRCV"/>
  <testcase name="AS1_MM_MinimalFields2Manis" time="0.319" classname="testcases.AS1_DannonRCV"/>
  <testcase name="RCV_GoodOne2ManisNoSupplier" time="0.375" classname="testcases.AS1_DannonRCV"/>
  <testcase name="RCV_GoodOneNoSupplier" time="0.348" classname="testcases.AS1_DannonRCV"/>
  <testcase name="RCV_MostMilkThisIsAGoodOne" time="0.353" classname="testcases.AS1_DannonRCV"/>
  <testcase name="RCV_MultiMilk" time="0.456" classname="testcases.AS1_DannonRCV"/>
  <testcase name="creamRCV_Export" time="0.823" classname="testcases.AS1_DannonRCV"/>
  <testcase name="creamRCV_MostFields" time="0.594" classname="testcases.AS1_DannonRCV"/>
  <testcase name="creamRCV_MostFieldsRealIsh" time="3.645" classname="testcases.AS1_DannonRCV"/>
  <testcase name="creamRCV_NoManifestRealCase" time="0.563" classname="testcases.AS1_DannonRCV"/>
  <testcase name="creamRCV_NoMeasurements" time="0.782" classname="testcases.AS1_DannonRCV"/>
  <testcase name="creamRCV_NoWeight" time="0.548" classname="testcases.AS1_DannonRCV"/>
  <testcase name="milkRCV_MinFields" time="0.337" classname="testcases.AS1_DannonRCV"/>
  <testcase name="milkRCV_NoRejectNoManifests" time="0.504" classname="testcases.AS1_DannonRCV"/>
  <testcase name="milkRCV_RejectMostMilk" time="0.377" classname="testcases.AS1_DannonRCV"/>
  <testcase name="milkRCV_StandardFields" time="0.268" classname="testcases.AS1_DannonRCV"/>
  <testcase name="patchRequestSkimRCV_MostFields" time="0.581" classname="testcases.AS1_DannonRCV"/>
  <testcase name="putReceiptMinCream" time="0.469" classname="testcases.AS1_DannonRCV"/>
  <testcase name="putReceiptMinSkim" time="0.381" classname="testcases.AS1_DannonRCV"/>
  <testcase name="putReceiptMultiCream" time="0.51" classname="testcases.AS1_DannonRCV"/>
  <testcase name="putReceiptMultiSkim" time="0.572" classname="testcases.AS1_DannonRCV"/>
  <testcase name="putRejectMostOfCreamWorking" time="0.692" classname="testcases.AS1_DannonRCV"/>
  <testcase name="skimRCV_Export" time="0.64" classname="testcases.AS1_DannonRCV"/>
  <testcase name="skimRCV_MostFields" time="0.628" classname="testcases.AS1_DannonRCV"/>
  <testcase name="skimRCV_NoMeasurements" time="0.717" classname="testcases.AS1_DannonRCV"/>
  <testcase name="AS1_DannonShippingCreamSHP_MostFieldsPutRequest" time="0.582" classname="testcases.AS1_DannonShipping"/>
  <testcase name="AS1_DannonShippingNewHyphenDestinationPlantPutRequest" time="0.545" classname="testcases.AS1_DannonShipping"/>
  <testcase name="AS1_DannonShippingNewHyphenPutRequest" time="0.794" classname="testcases.AS1_DannonShipping"/>
  <testcase name="AS1_DannonShippingSkimMostAttributesPutRequest" time="0.596" classname="testcases.AS1_DannonShipping"/>
  <testcase name="AS1_DannonShippingSkimStagingAllAttributesPutRequest" time="0.63" classname="testcases.AS1_DannonShipping"/>
  <testcase name="AS1_DannonShippingTinyCreamPutRequest" time="0.563" classname="testcases.AS1_DannonShipping"/>
  <testcase name="AS1_DannonShippingTinySkimRequiredOnly" time="0.594" classname="testcases.AS1_DannonShipping"/>
</testsuite> <!-- testcases -->
