<?xml version="1.0" encoding="UTF-8"?>
<!-- Generated by org.testng.reporters.JUnitXMLReporter -->
<testsuite ignored="0" hostname="Durga-pc" failures="0" tests="36" name="testcases" time="56.11" errors="0" timestamp="30 May 2019 23:40:18 GMT">
  <testcase classname="testcases.AS1_DannonASSN" name="getCream" time="3.096"/>
  <testcase classname="testcases.AS1_DannonASSN" name="getMilk" time="11.548"/>
  <testcase classname="testcases.AS1_DannonASSN" name="getSkim" time="21.656"/>
  <testcase classname="testcases.AS1_DannonRCV" name="AS1_MM2FieldsOnly" time="0.25"/>
  <testcase classname="testcases.AS1_DannonRCV" name="AS1_MM_MinimalFields" time="0.265"/>
  <testcase classname="testcases.AS1_DannonRCV" name="AS1_MM_MinimalFields2Manis" time="0.25"/>
  <testcase classname="testcases.AS1_DannonRCV" name="RCV_GoodOne2ManisNoSupplier" time="0.297"/>
  <testcase classname="testcases.AS1_DannonRCV" name="RCV_GoodOneNoSupplier" time="0.235"/>
  <testcase classname="testcases.AS1_DannonRCV" name="RCV_MostMilkThisIsAGoodOne" time="0.234"/>
  <testcase classname="testcases.AS1_DannonRCV" name="RCV_MultiMilk" time="0.312"/>
  <testcase classname="testcases.AS1_DannonRCV" name="creamRCV_Export" time="0.594"/>
  <testcase classname="testcases.AS1_DannonRCV" name="creamRCV_MostFields" time="0.485"/>
  <testcase classname="testcases.AS1_DannonRCV" name="creamRCV_MostFieldsRealIsh" time="3.558"/>
  <testcase classname="testcases.AS1_DannonRCV" name="creamRCV_NoManifestRealCase" time="0.5"/>
  <testcase classname="testcases.AS1_DannonRCV" name="creamRCV_NoMeasurements" time="0.485"/>
  <testcase classname="testcases.AS1_DannonRCV" name="creamRCV_NoWeight" time="0.469"/>
  <testcase classname="testcases.AS1_DannonRCV" name="milkRCV_MinFields" time="0.266"/>
  <testcase classname="testcases.AS1_DannonRCV" name="milkRCV_NoRejectNoManifests" time="0.312"/>
  <testcase classname="testcases.AS1_DannonRCV" name="milkRCV_RejectMostMilk" time="0.313"/>
  <testcase classname="testcases.AS1_DannonRCV" name="milkRCV_StandardFields" time="0.281"/>
  <testcase classname="testcases.AS1_DannonRCV" name="patchRequestSkimRCV_MostFields" time="0.625"/>
  <testcase classname="testcases.AS1_DannonRCV" name="putReceiptMinCream" time="0.5"/>
  <testcase classname="testcases.AS1_DannonRCV" name="putReceiptMinSkim" time="0.297"/>
  <testcase classname="testcases.AS1_DannonRCV" name="putReceiptMultiCream" time="0.5"/>
  <testcase classname="testcases.AS1_DannonRCV" name="putReceiptMultiSkim" time="0.469"/>
  <testcase classname="testcases.AS1_DannonRCV" name="putRejectMostOfCreamWorking" time="0.531"/>
  <testcase classname="testcases.AS1_DannonRCV" name="skimRCV_Export" time="0.563"/>
  <testcase classname="testcases.AS1_DannonRCV" name="skimRCV_MostFields" time="0.578"/>
  <testcase classname="testcases.AS1_DannonRCV" name="skimRCV_NoMeasurements" time="0.547"/>
  <testcase classname="testcases.AS1_DannonShipping" name="AS1_DannonShippingCreamSHP_MostFieldsPutRequest" time="0.547"/>
  <testcase classname="testcases.AS1_DannonShipping" name="AS1_DannonShippingNewHyphenDestinationPlantPutRequest" time="0.5"/>
  <testcase classname="testcases.AS1_DannonShipping" name="AS1_DannonShippingNewHyphenPutRequest" time="0.484"/>
  <testcase classname="testcases.AS1_DannonShipping" name="AS1_DannonShippingSkimMostAttributesPutRequest" time="0.531"/>
  <testcase classname="testcases.AS1_DannonShipping" name="AS1_DannonShippingSkimStagingAllAttributesPutRequest" time="0.516"/>
  <testcase classname="testcases.AS1_DannonShipping" name="AS1_DannonShippingTinyCreamPutRequest" time="0.485"/>
  <testcase classname="testcases.AS1_DannonShipping" name="AS1_DannonShippingTinySkimRequiredOnly" time="0.531"/>
</testsuite> <!-- testcases -->
