<?xml version="1.0" encoding="UTF-8"?>
<!-- Generated by org.testng.reporters.JUnitXMLReporter -->
<testsuite hostname="Durga-pc" ignored="30" name="testcases(failed)" tests="3" failures="0" timestamp="29 May 2019 21:43:44 GMT" time="3.063" errors="0">
  <testcase name="skimRCV_NoMeasurements" time="0.64" classname="testcases.AS1_DannonRCV"/>
  <testcase name="creamRCV_NoManifestRealCase" time="0.64" classname="testcases.AS1_DannonRCV"/>
  <testcase name="AS1_DannonShippingSkimStagingAllAttributesPutRequest" time="0.64" classname="testcases.AS1_DannonShipping"/>
  <testcase name="creamRCV_Export" time="0.0" classname="testcases.AS1_DannonRCV">
    <ignored/>
  </testcase> <!-- creamRCV_Export -->
  <testcase name="AS1_DannonShippingNewHyphenDestinationPlantPutRequest" time="0.0" classname="testcases.AS1_DannonShipping">
    <ignored/>
  </testcase> <!-- AS1_DannonShippingNewHyphenDestinationPlantPutRequest -->
  <testcase name="RCV_GoodOneNoSupplier" time="0.0" classname="testcases.AS1_DannonRCV">
    <ignored/>
  </testcase> <!-- RCV_GoodOneNoSupplier -->
  <testcase name="AS1_DannonShippingTinySkimRequiredOnly" time="0.0" classname="testcases.AS1_DannonShipping">
    <ignored/>
  </testcase> <!-- AS1_DannonShippingTinySkimRequiredOnly -->
  <testcase name="AS1_MM2FieldsOnly" time="0.0" classname="testcases.AS1_DannonRCV">
    <ignored/>
  </testcase> <!-- AS1_MM2FieldsOnly -->
  <testcase name="putReceiptMultiSkim" time="0.0" classname="testcases.AS1_DannonRCV">
    <ignored/>
  </testcase> <!-- putReceiptMultiSkim -->
  <testcase name="putReceiptMinSkim" time="0.0" classname="testcases.AS1_DannonRCV">
    <ignored/>
  </testcase> <!-- putReceiptMinSkim -->
  <testcase name="RCV_MultiMilk" time="0.0" classname="testcases.AS1_DannonRCV">
    <ignored/>
  </testcase> <!-- RCV_MultiMilk -->
  <testcase name="milkRCV_NoRejectNoManifests" time="0.0" classname="testcases.AS1_DannonRCV">
    <ignored/>
  </testcase> <!-- milkRCV_NoRejectNoManifests -->
  <testcase name="creamRCV_NoMeasurements" time="0.0" classname="testcases.AS1_DannonRCV">
    <ignored/>
  </testcase> <!-- creamRCV_NoMeasurements -->
  <testcase name="putReceiptMinCream" time="0.0" classname="testcases.AS1_DannonRCV">
    <ignored/>
  </testcase> <!-- putReceiptMinCream -->
  <testcase name="AS1_MM_MinimalFields" time="0.0" classname="testcases.AS1_DannonRCV">
    <ignored/>
  </testcase> <!-- AS1_MM_MinimalFields -->
  <testcase name="AS1_DannonShippingSkimMostAttributesPutRequest" time="0.0" classname="testcases.AS1_DannonShipping">
    <ignored/>
  </testcase> <!-- AS1_DannonShippingSkimMostAttributesPutRequest -->
  <testcase name="creamRCV_MostFieldsRealIsh" time="0.0" classname="testcases.AS1_DannonRCV">
    <ignored/>
  </testcase> <!-- creamRCV_MostFieldsRealIsh -->
  <testcase name="skimRCV_MostFields" time="0.0" classname="testcases.AS1_DannonRCV">
    <ignored/>
  </testcase> <!-- skimRCV_MostFields -->
  <testcase name="patchRequestSkimRCV_MostFields" time="0.0" classname="testcases.AS1_DannonRCV">
    <ignored/>
  </testcase> <!-- patchRequestSkimRCV_MostFields -->
  <testcase name="putReceiptMultiCream" time="0.0" classname="testcases.AS1_DannonRCV">
    <ignored/>
  </testcase> <!-- putReceiptMultiCream -->
  <testcase name="creamRCV_MostFields" time="0.0" classname="testcases.AS1_DannonRCV">
    <ignored/>
  </testcase> <!-- creamRCV_MostFields -->
  <testcase name="milkRCV_StandardFields" time="0.0" classname="testcases.AS1_DannonRCV">
    <ignored/>
  </testcase> <!-- milkRCV_StandardFields -->
  <testcase name="AS1_DannonShippingTinyCreamPutRequest" time="0.0" classname="testcases.AS1_DannonShipping">
    <ignored/>
  </testcase> <!-- AS1_DannonShippingTinyCreamPutRequest -->
  <testcase name="RCV_GoodOne2ManisNoSupplier" time="0.0" classname="testcases.AS1_DannonRCV">
    <ignored/>
  </testcase> <!-- RCV_GoodOne2ManisNoSupplier -->
  <testcase name="milkRCV_MinFields" time="0.0" classname="testcases.AS1_DannonRCV">
    <ignored/>
  </testcase> <!-- milkRCV_MinFields -->
  <testcase name="AS1_DannonShippingNewHyphenPutRequest" time="0.0" classname="testcases.AS1_DannonShipping">
    <ignored/>
  </testcase> <!-- AS1_DannonShippingNewHyphenPutRequest -->
  <testcase name="putRejectMostOfCreamWorking" time="0.0" classname="testcases.AS1_DannonRCV">
    <ignored/>
  </testcase> <!-- putRejectMostOfCreamWorking -->
  <testcase name="milkRCV_RejectMostMilk" time="0.0" classname="testcases.AS1_DannonRCV">
    <ignored/>
  </testcase> <!-- milkRCV_RejectMostMilk -->
  <testcase name="creamRCV_NoWeight" time="0.0" classname="testcases.AS1_DannonRCV">
    <ignored/>
  </testcase> <!-- creamRCV_NoWeight -->
  <testcase name="AS1_DannonShippingCreamSHP_MostFieldsPutRequest" time="0.0" classname="testcases.AS1_DannonShipping">
    <ignored/>
  </testcase> <!-- AS1_DannonShippingCreamSHP_MostFieldsPutRequest -->
  <testcase name="RCV_MostMilkThisIsAGoodOne" time="0.0" classname="testcases.AS1_DannonRCV">
    <ignored/>
  </testcase> <!-- RCV_MostMilkThisIsAGoodOne -->
  <testcase name="AS1_MM_MinimalFields2Manis" time="0.0" classname="testcases.AS1_DannonRCV">
    <ignored/>
  </testcase> <!-- AS1_MM_MinimalFields2Manis -->
  <testcase name="skimRCV_Export" time="0.0" classname="testcases.AS1_DannonRCV">
    <ignored/>
  </testcase> <!-- skimRCV_Export -->
</testsuite> <!-- testcases(failed) -->
