<?xml version="1.0" encoding="UTF-8"?>
<testsuite xmlns:xsi="http://www.w3.org/2001/XMLSchema-instance" xsi:noNamespaceSchemaLocation="https://maven.apache.org/surefire/maven-surefire-plugin/xsd/surefire-test-report-3.0.xsd" version="3.0" name="TestSuite" time="56.548" tests="36" errors="0" skipped="0" failures="0">
  <properties>
[...]
</properties>
  <testcase name="getCream" classname="testcases.AS1_DannonASSN" time="3.096"/>
  <testcase name="getMilk" classname="testcases.AS1_DannonASSN" time="11.548"/>
  <testcase name="getSkim" classname="testcases.AS1_DannonASSN" time="21.656"/>
  <testcase name="AS1_MM2FieldsOnly" classname="testcases.AS1_DannonRCV" time="0.25"/>
  <testcase name="AS1_MM_MinimalFields" classname="testcases.AS1_DannonRCV" time="0.265"/>
  <testcase name="AS1_MM_MinimalFields2Manis" classname="testcases.AS1_DannonRCV" time="0.25"/>
  <testcase name="RCV_GoodOne2ManisNoSupplier" classname="testcases.AS1_DannonRCV" time="0.297"/>
  <testcase name="RCV_GoodOneNoSupplier" classname="testcases.AS1_DannonRCV" time="0.235"/>
  <testcase name="RCV_MostMilkThisIsAGoodOne" classname="testcases.AS1_DannonRCV" time="0.234"/>
  <testcase name="RCV_MultiMilk" classname="testcases.AS1_DannonRCV" time="0.312"/>
  <testcase name="creamRCV_Export" classname="testcases.AS1_DannonRCV" time="0.594"/>
  <testcase name="creamRCV_MostFields" classname="testcases.AS1_DannonRCV" time="0.485"/>
  <testcase name="creamRCV_MostFieldsRealIsh" classname="testcases.AS1_DannonRCV" time="3.558"/>
  <testcase name="creamRCV_NoManifestRealCase" classname="testcases.AS1_DannonRCV" time="0.515"/>
  <testcase name="creamRCV_NoMeasurements" classname="testcases.AS1_DannonRCV" time="0.485"/>
  <testcase name="creamRCV_NoWeight" classname="testcases.AS1_DannonRCV" time="0.469"/>
  <testcase name="milkRCV_MinFields" classname="testcases.AS1_DannonRCV" time="0.266"/>
  <testcase name="milkRCV_NoRejectNoManifests" classname="testcases.AS1_DannonRCV" time="0.312"/>
  <testcase name="milkRCV_RejectMostMilk" classname="testcases.AS1_DannonRCV" time="0.313"/>
  <testcase name="milkRCV_StandardFields" classname="testcases.AS1_DannonRCV" time="0.281"/>
  <testcase name="patchRequestSkimRCV_MostFields" classname="testcases.AS1_DannonRCV" time="0.625"/>
  <testcase name="putReceiptMinCream" classname="testcases.AS1_DannonRCV" time="0.5"/>
  <testcase name="putReceiptMinSkim" classname="testcases.AS1_DannonRCV" time="0.297"/>
  <testcase name="putReceiptMultiCream" classname="testcases.AS1_DannonRCV" time="0.5"/>
  <testcase name="putReceiptMultiSkim" classname="testcases.AS1_DannonRCV" time="0.469"/>
  <testcase name="putRejectMostOfCreamWorking" classname="testcases.AS1_DannonRCV" time="0.531"/>
  <testcase name="skimRCV_Export" classname="testcases.AS1_DannonRCV" time="0.563"/>
  <testcase name="skimRCV_MostFields" classname="testcases.AS1_DannonRCV" time="0.578"/>
  <testcase name="skimRCV_NoMeasurements" classname="testcases.AS1_DannonRCV" time="0.547"/>
  <testcase name="AS1_DannonShippingCreamSHP_MostFieldsPutRequest" classname="testcases.AS1_DannonShipping" time="0.547"/>
  <testcase name="AS1_DannonShippingNewHyphenDestinationPlantPutRequest" classname="testcases.AS1_DannonShipping" time="0.5"/>
  <testcase name="AS1_DannonShippingNewHyphenPutRequest" classname="testcases.AS1_DannonShipping" time="0.484"/>
  <testcase name="AS1_DannonShippingSkimMostAttributesPutRequest" classname="testcases.AS1_DannonShipping" time="0.531"/>
  <testcase name="AS1_DannonShippingSkimStagingAllAttributesPutRequest" classname="testcases.AS1_DannonShipping" time="0.516"/>
  <testcase name="AS1_DannonShippingTinyCreamPutRequest" classname="testcases.AS1_DannonShipping" time="0.485"/>
  <testcase name="AS1_DannonShippingTinySkimRequiredOnly" classname="testcases.AS1_DannonShipping" time="0.531"/>
</testsuite>