<?xml version="1.0" encoding="UTF-8"?>
<testng-results skipped="0" failed="0" ignored="0" total="3" passed="3">
  <reporter-output>
  </reporter-output>
  <suite name="Default suite" duration-ms="39376" started-at="2019-05-31T00:25:45Z" finished-at="2019-05-31T00:26:24Z">
    <groups>
    </groups>
    <test name="Default test" duration-ms="39376" started-at="2019-05-31T00:25:45Z" finished-at="2019-05-31T00:26:24Z">
      <class name="testcases.AS1_DannonASSN">
        <test-method status="PASS" signature="getAuthToken()[pri:0, instance:testcases.AS1_DannonASSN@1a968a59]" name="getAuthToken" is-config="true" duration-ms="2677" started-at="2019-05-31T00:25:45Z" finished-at="2019-05-31T00:25:48Z">
          <reporter-output>
          </reporter-output>
        </test-method> <!-- getAuthToken -->
        <test-method status="PASS" signature="getCream()[pri:0, instance:testcases.AS1_DannonASSN@1a968a59]" name="getCream" duration-ms="3355" started-at="2019-05-31T00:25:48Z" finished-at="2019-05-31T00:25:51Z">
          <reporter-output>
          </reporter-output>
        </test-method> <!-- getCream -->
        <test-method status="PASS" signature="getMilk()[pri:0, instance:testcases.AS1_DannonASSN@1a968a59]" name="getMilk" duration-ms="11664" started-at="2019-05-31T00:25:51Z" finished-at="2019-05-31T00:26:03Z">
          <reporter-output>
          </reporter-output>
        </test-method> <!-- getMilk -->
        <test-method status="PASS" signature="getSkim()[pri:0, instance:testcases.AS1_DannonASSN@1a968a59]" name="getSkim" duration-ms="21628" started-at="2019-05-31T00:26:03Z" finished-at="2019-05-31T00:26:24Z">
          <reporter-output>
          </reporter-output>
        </test-method> <!-- getSkim -->
      </class> <!-- testcases.AS1_DannonASSN -->
    </test> <!-- Default test -->
  </suite> <!-- Default suite -->
</testng-results>
